2023/12/11 08:52:45 [notice] 1#1: using the "epoll" event method
2023/12/11 08:52:45 [notice] 1#1: nginx/1.25.3
2023/12/11 08:52:45 [notice] 1#1: built by gcc 12.2.1 20220924 (Alpine 12.2.1_git20220924-r10) 
2023/12/11 08:52:45 [notice] 1#1: OS: Linux 6.4.16-linuxkit
2023/12/11 08:52:45 [notice] 1#1: getrlimit(RLIMIT_NOFILE): 1048576:1048576
2023/12/11 08:52:45 [notice] 1#1: start worker processes
2023/12/11 08:52:45 [notice] 1#1: start worker process 29
2023/12/11 08:52:45 [notice] 1#1: start worker process 30
2023/12/11 08:52:45 [notice] 1#1: start worker process 31
2023/12/11 08:52:45 [notice] 1#1: start worker process 32
2023/12/11 08:52:45 [notice] 1#1: start worker process 33
2023/12/11 08:52:45 [notice] 1#1: start worker process 34
2023/12/11 08:52:45 [notice] 1#1: start worker process 35
2023/12/11 08:52:45 [notice] 1#1: start worker process 36
2023/12/11 08:52:45 [notice] 1#1: start worker process 37
2023/12/11 08:52:45 [notice] 1#1: start worker process 38
2023/12/11 12:01:31 [notice] 1#1: signal 3 (SIGQUIT) received, shutting down
2023/12/11 12:01:31 [notice] 33#33: gracefully shutting down
2023/12/11 12:01:31 [notice] 29#29: gracefully shutting down
2023/12/11 12:01:31 [notice] 32#32: gracefully shutting down
2023/12/11 12:01:31 [notice] 30#30: gracefully shutting down
2023/12/11 12:01:31 [notice] 31#31: gracefully shutting down
2023/12/11 12:01:31 [notice] 35#35: gracefully shutting down
2023/12/11 12:01:31 [notice] 37#37: gracefully shutting down
2023/12/11 12:01:31 [notice] 38#38: gracefully shutting down
2023/12/11 12:01:31 [notice] 34#34: gracefully shutting down
2023/12/11 12:01:31 [notice] 36#36: gracefully shutting down
2023/12/11 12:01:31 [notice] 33#33: exiting
2023/12/11 12:01:31 [notice] 29#29: exiting
2023/12/11 12:01:31 [notice] 32#32: exiting
2023/12/11 12:01:31 [notice] 30#30: exiting
2023/12/11 12:01:31 [notice] 31#31: exiting
2023/12/11 12:01:31 [notice] 35#35: exiting
2023/12/11 12:01:31 [notice] 37#37: exiting
2023/12/11 12:01:31 [notice] 35#35: exit
2023/12/11 12:01:31 [notice] 38#38: exiting
2023/12/11 12:01:31 [notice] 34#34: exiting
2023/12/11 12:01:31 [notice] 38#38: exit
2023/12/11 12:01:31 [notice] 36#36: exiting
2023/12/11 12:01:31 [notice] 33#33: exit
2023/12/11 12:01:31 [notice] 32#32: exit
2023/12/11 12:01:31 [notice] 29#29: exit
2023/12/11 12:01:31 [notice] 30#30: exit
2023/12/11 12:01:31 [notice] 31#31: exit
2023/12/11 12:01:31 [notice] 37#37: exit
2023/12/11 12:01:31 [notice] 34#34: exit
2023/12/11 12:01:31 [notice] 36#36: exit
2023/12/11 12:01:31 [notice] 1#1: signal 17 (SIGCHLD) received from 32
2023/12/11 12:01:31 [notice] 1#1: worker process 32 exited with code 0
2023/12/11 12:01:31 [notice] 1#1: signal 29 (SIGIO) received
2023/12/11 12:01:31 [notice] 1#1: signal 17 (SIGCHLD) received from 38
2023/12/11 12:01:31 [notice] 1#1: worker process 29 exited with code 0
2023/12/11 12:01:31 [notice] 1#1: worker process 30 exited with code 0
2023/12/11 12:01:31 [notice] 1#1: worker process 33 exited with code 0
2023/12/11 12:01:31 [notice] 1#1: worker process 34 exited with code 0
2023/12/11 12:01:31 [notice] 1#1: worker process 35 exited with code 0
2023/12/11 12:01:31 [notice] 1#1: worker process 36 exited with code 0
2023/12/11 12:01:31 [notice] 1#1: worker process 37 exited with code 0
2023/12/11 12:01:31 [notice] 1#1: worker process 38 exited with code 0
2023/12/11 12:01:31 [notice] 1#1: worker process 31 exited with code 0
2023/12/11 12:01:31 [notice] 1#1: exit
2023/12/11 12:02:55 [notice] 1#1: using the "epoll" event method
2023/12/11 12:02:55 [notice] 1#1: nginx/1.25.3
2023/12/11 12:02:55 [notice] 1#1: built by gcc 12.2.1 20220924 (Alpine 12.2.1_git20220924-r10) 
2023/12/11 12:02:55 [notice] 1#1: OS: Linux 6.4.16-linuxkit
2023/12/11 12:02:55 [notice] 1#1: getrlimit(RLIMIT_NOFILE): 1048576:1048576
2023/12/11 12:02:55 [notice] 1#1: start worker processes
2023/12/11 12:02:55 [notice] 1#1: start worker process 29
2023/12/11 12:02:55 [notice] 1#1: start worker process 30
2023/12/11 12:02:55 [notice] 1#1: start worker process 31
2023/12/11 12:02:55 [notice] 1#1: start worker process 32
2023/12/11 12:02:55 [notice] 1#1: start worker process 33
2023/12/11 12:02:55 [notice] 1#1: start worker process 34
2023/12/11 12:02:55 [notice] 1#1: start worker process 35
2023/12/11 12:02:55 [notice] 1#1: start worker process 36
2023/12/11 12:02:55 [notice] 1#1: start worker process 37
2023/12/11 12:02:55 [notice] 1#1: start worker process 38
2023/12/11 12:07:38 [notice] 1#1: signal 3 (SIGQUIT) received, shutting down
2023/12/11 12:07:38 [notice] 29#29: gracefully shutting down
2023/12/11 12:07:38 [notice] 30#30: gracefully shutting down
2023/12/11 12:07:38 [notice] 30#30: exiting
2023/12/11 12:07:38 [notice] 31#31: gracefully shutting down
2023/12/11 12:07:38 [notice] 32#32: gracefully shutting down
2023/12/11 12:07:38 [notice] 33#33: gracefully shutting down
2023/12/11 12:07:38 [notice] 34#34: gracefully shutting down
2023/12/11 12:07:38 [notice] 37#37: gracefully shutting down
2023/12/11 12:07:38 [notice] 37#37: exiting
2023/12/11 12:07:38 [notice] 35#35: gracefully shutting down
2023/12/11 12:07:38 [notice] 36#36: gracefully shutting down
2023/12/11 12:07:38 [notice] 38#38: gracefully shutting down
2023/12/11 12:07:38 [notice] 29#29: exiting
2023/12/11 12:07:38 [notice] 30#30: exit
2023/12/11 12:07:38 [notice] 31#31: exiting
2023/12/11 12:07:38 [notice] 32#32: exiting
2023/12/11 12:07:38 [notice] 33#33: exiting
2023/12/11 12:07:38 [notice] 34#34: exiting
2023/12/11 12:07:38 [notice] 37#37: exit
2023/12/11 12:07:38 [notice] 35#35: exiting
2023/12/11 12:07:38 [notice] 36#36: exiting
2023/12/11 12:07:38 [notice] 38#38: exiting
2023/12/11 12:07:38 [notice] 36#36: exit
2023/12/11 12:07:38 [notice] 29#29: exit
2023/12/11 12:07:38 [notice] 31#31: exit
2023/12/11 12:07:38 [notice] 32#32: exit
2023/12/11 12:07:38 [notice] 33#33: exit
2023/12/11 12:07:38 [notice] 34#34: exit
2023/12/11 12:07:38 [notice] 35#35: exit
2023/12/11 12:07:38 [notice] 38#38: exit
2023/12/11 12:07:38 [notice] 1#1: signal 17 (SIGCHLD) received from 29
2023/12/11 12:07:38 [notice] 1#1: worker process 29 exited with code 0
2023/12/11 12:07:38 [notice] 1#1: signal 29 (SIGIO) received
2023/12/11 12:07:38 [notice] 1#1: signal 17 (SIGCHLD) received from 30
2023/12/11 12:07:38 [notice] 1#1: worker process 30 exited with code 0
2023/12/11 12:07:38 [notice] 1#1: worker process 35 exited with code 0
2023/12/11 12:07:38 [notice] 1#1: signal 29 (SIGIO) received
2023/12/11 12:07:38 [notice] 1#1: signal 17 (SIGCHLD) received from 35
2023/12/11 12:07:38 [notice] 1#1: signal 17 (SIGCHLD) received from 38
2023/12/11 12:07:38 [notice] 1#1: worker process 31 exited with code 0
2023/12/11 12:07:38 [notice] 1#1: worker process 32 exited with code 0
2023/12/11 12:07:38 [notice] 1#1: worker process 33 exited with code 0
2023/12/11 12:07:38 [notice] 1#1: worker process 34 exited with code 0
2023/12/11 12:07:38 [notice] 1#1: worker process 36 exited with code 0
2023/12/11 12:07:38 [notice] 1#1: worker process 37 exited with code 0
2023/12/11 12:07:38 [notice] 1#1: worker process 38 exited with code 0
2023/12/11 12:07:38 [notice] 1#1: exit
2023/12/11 12:28:36 [warn] 1#1: conflicting server name "localhost" on 0.0.0.0:80, ignored
2023/12/11 12:28:36 [warn] 1#1: conflicting server name "localhost" on 0.0.0.0:80, ignored
2023/12/11 12:28:36 [notice] 1#1: using the "epoll" event method
2023/12/11 12:28:36 [notice] 1#1: nginx/1.25.3
2023/12/11 12:28:36 [notice] 1#1: built by gcc 12.2.1 20220924 (Alpine 12.2.1_git20220924-r10) 
2023/12/11 12:28:36 [notice] 1#1: OS: Linux 6.4.16-linuxkit
2023/12/11 12:28:36 [notice] 1#1: getrlimit(RLIMIT_NOFILE): 1048576:1048576
2023/12/11 12:28:36 [notice] 1#1: using the "epoll" event method
2023/12/11 12:28:36 [notice] 1#1: nginx/1.25.3
2023/12/11 12:28:36 [notice] 1#1: built by gcc 12.2.1 20220924 (Alpine 12.2.1_git20220924-r10) 
2023/12/11 12:28:36 [notice] 1#1: OS: Linux 6.4.16-linuxkit
2023/12/11 12:28:36 [notice] 1#1: getrlimit(RLIMIT_NOFILE): 1048576:1048576
2023/12/11 12:28:36 [notice] 1#1: start worker processes
2023/12/11 12:28:36 [notice] 1#1: start worker processes
2023/12/11 12:28:36 [notice] 1#1: start worker process 29
2023/12/11 12:28:36 [notice] 1#1: start worker process 30
2023/12/11 12:28:36 [notice] 1#1: start worker process 30
2023/12/11 12:28:36 [notice] 1#1: start worker process 31
2023/12/11 12:28:36 [notice] 1#1: start worker process 31
2023/12/11 12:28:36 [notice] 1#1: start worker process 32
2023/12/11 12:28:36 [notice] 1#1: start worker process 32
2023/12/11 12:28:36 [notice] 1#1: start worker process 33
2023/12/11 12:28:36 [notice] 1#1: start worker process 33
2023/12/11 12:28:36 [notice] 1#1: start worker process 34
2023/12/11 12:28:36 [notice] 1#1: start worker process 34
2023/12/11 12:28:36 [notice] 1#1: start worker process 35
2023/12/11 12:28:36 [notice] 1#1: start worker process 35
2023/12/11 12:28:36 [notice] 1#1: start worker process 36
2023/12/11 12:28:36 [notice] 1#1: start worker process 36
2023/12/11 12:28:36 [notice] 1#1: start worker process 37
2023/12/11 12:28:36 [notice] 1#1: start worker process 37
2023/12/11 12:28:36 [notice] 1#1: start worker process 38
2023/12/11 12:28:36 [notice] 1#1: start worker process 38
2023/12/11 12:28:36 [notice] 1#1: start worker process 39
2023/12/11 12:31:41 [notice] 1#1: signal 3 (SIGQUIT) received, shutting down
2023/12/11 12:31:41 [notice] 30#30: gracefully shutting down
2023/12/11 12:31:41 [notice] 29#29: gracefully shutting down
2023/12/11 12:31:41 [notice] 31#31: gracefully shutting down
2023/12/11 12:31:41 [notice] 1#1: signal 3 (SIGQUIT) received, shutting down
2023/12/11 12:31:41 [notice] 32#32: gracefully shutting down
2023/12/11 12:31:41 [notice] 32#32: gracefully shutting down
2023/12/11 12:31:41 [notice] 35#35: gracefully shutting down
2023/12/11 12:31:41 [notice] 33#33: gracefully shutting down
2023/12/11 12:31:41 [notice] 33#33: gracefully shutting down
2023/12/11 12:31:41 [notice] 35#35: gracefully shutting down
2023/12/11 12:31:41 [notice] 31#31: gracefully shutting down
2023/12/11 12:31:41 [notice] 36#36: gracefully shutting down
2023/12/11 12:31:41 [notice] 31#31: exiting
2023/12/11 12:31:41 [notice] 37#37: gracefully shutting down
2023/12/11 12:31:41 [notice] 34#34: gracefully shutting down
2023/12/11 12:31:41 [notice] 34#34: gracefully shutting down
2023/12/11 12:31:41 [notice] 37#37: gracefully shutting down
2023/12/11 12:31:41 [notice] 38#38: gracefully shutting down
2023/12/11 12:31:41 [notice] 39#39: gracefully shutting down
2023/12/11 12:31:41 [notice] 30#30: exiting
2023/12/11 12:31:41 [notice] 36#36: gracefully shutting down
2023/12/11 12:31:41 [notice] 29#29: exiting
2023/12/11 12:31:41 [notice] 38#38: gracefully shutting down
2023/12/11 12:31:41 [notice] 31#31: exiting
2023/12/11 12:31:41 [notice] 30#30: gracefully shutting down
2023/12/11 12:31:41 [notice] 32#32: exiting
2023/12/11 12:31:41 [notice] 32#32: exiting
2023/12/11 12:31:41 [notice] 33#33: exiting
2023/12/11 12:31:41 [notice] 35#35: exiting
2023/12/11 12:31:41 [notice] 35#35: exiting
2023/12/11 12:31:41 [notice] 33#33: exiting
2023/12/11 12:31:41 [notice] 36#36: exiting
2023/12/11 12:31:41 [notice] 31#31: exit
2023/12/11 12:31:41 [notice] 37#37: exiting
2023/12/11 12:31:41 [notice] 34#34: exiting
2023/12/11 12:31:41 [notice] 37#37: exiting
2023/12/11 12:31:41 [notice] 34#34: exiting
2023/12/11 12:31:41 [notice] 39#39: exiting
2023/12/11 12:31:41 [notice] 38#38: exiting
2023/12/11 12:31:41 [notice] 36#36: exiting
2023/12/11 12:31:41 [notice] 30#30: exit
2023/12/11 12:31:41 [notice] 38#38: exiting
2023/12/11 12:31:41 [notice] 29#29: exit
2023/12/11 12:31:41 [notice] 30#30: exiting
2023/12/11 12:31:41 [notice] 31#31: exit
2023/12/11 12:31:41 [notice] 32#32: exit
2023/12/11 12:31:41 [notice] 32#32: exit
2023/12/11 12:31:41 [notice] 35#35: exit
2023/12/11 12:31:41 [notice] 33#33: exit
2023/12/11 12:31:41 [notice] 33#33: exit
2023/12/11 12:31:41 [notice] 35#35: exit
2023/12/11 12:31:41 [notice] 34#34: exit
2023/12/11 12:31:41 [notice] 36#36: exit
2023/12/11 12:31:41 [notice] 37#37: exit
2023/12/11 12:31:41 [notice] 37#37: exit
2023/12/11 12:31:41 [notice] 39#39: exit
2023/12/11 12:31:41 [notice] 34#34: exit
2023/12/11 12:31:41 [notice] 36#36: exit
2023/12/11 12:31:41 [notice] 38#38: exit
2023/12/11 12:31:41 [notice] 38#38: exit
2023/12/11 12:31:41 [notice] 30#30: exit
2023/12/11 12:31:41 [notice] 1#1: signal 17 (SIGCHLD) received from 29
2023/12/11 12:31:41 [notice] 1#1: worker process 29 exited with code 0
2023/12/11 12:31:41 [notice] 1#1: signal 29 (SIGIO) received
2023/12/11 12:31:41 [notice] 1#1: signal 17 (SIGCHLD) received from 35
2023/12/11 12:31:41 [notice] 1#1: worker process 30 exited with code 0
2023/12/11 12:31:41 [notice] 1#1: worker process 33 exited with code 0
2023/12/11 12:31:41 [notice] 1#1: worker process 35 exited with code 0
2023/12/11 12:31:41 [notice] 1#1: worker process 37 exited with code 0
2023/12/11 12:31:41 [notice] 1#1: signal 17 (SIGCHLD) received from 31
2023/12/11 12:31:41 [notice] 1#1: worker process 31 exited with code 0
2023/12/11 12:31:41 [notice] 1#1: worker process 32 exited with code 0
2023/12/11 12:31:41 [notice] 1#1: worker process 34 exited with code 0
2023/12/11 12:31:41 [notice] 1#1: worker process 37 exited with code 0
2023/12/11 12:31:41 [notice] 1#1: worker process 31 exited with code 0
2023/12/11 12:31:41 [notice] 1#1: worker process 32 exited with code 0
2023/12/11 12:31:41 [notice] 1#1: worker process 36 exited with code 0
2023/12/11 12:31:41 [notice] 1#1: worker process 38 exited with code 0
2023/12/11 12:31:41 [notice] 1#1: signal 29 (SIGIO) received
2023/12/11 12:31:41 [notice] 1#1: signal 17 (SIGCHLD) received from 32
2023/12/11 12:31:41 [notice] 1#1: signal 29 (SIGIO) received
2023/12/11 12:31:41 [notice] 1#1: signal 17 (SIGCHLD) received from 30
2023/12/11 12:31:41 [notice] 1#1: signal 17 (SIGCHLD) received from 35
2023/12/11 12:31:41 [notice] 1#1: worker process 33 exited with code 0
2023/12/11 12:31:41 [notice] 1#1: worker process 35 exited with code 0
2023/12/11 12:31:41 [notice] 1#1: signal 29 (SIGIO) received
2023/12/11 12:31:41 [notice] 1#1: signal 17 (SIGCHLD) received from 36
2023/12/11 12:31:41 [notice] 1#1: worker process 30 exited with code 0
2023/12/11 12:31:41 [notice] 1#1: worker process 36 exited with code 0
2023/12/11 12:31:41 [notice] 1#1: worker process 39 exited with code 0
2023/12/11 12:31:41 [notice] 1#1: signal 17 (SIGCHLD) received from 34
2023/12/11 12:31:41 [notice] 1#1: worker process 34 exited with code 0
2023/12/11 12:31:41 [notice] 1#1: signal 29 (SIGIO) received
2023/12/11 12:31:41 [notice] 1#1: signal 17 (SIGCHLD) received from 38
2023/12/11 12:31:41 [notice] 1#1: worker process 38 exited with code 0
2023/12/11 12:31:41 [notice] 1#1: exit
2023/12/11 12:31:41 [notice] 1#1: exit
2023/12/11 12:33:46 [emerg] 1#1: host not found in upstream "php" in /etc/nginx/conf.d/api.conf:14
2023/12/11 12:33:46 [warn] 1#1: conflicting server name "localhost" on 0.0.0.0:80, ignored
2023/12/11 12:33:46 [notice] 1#1: using the "epoll" event method
2023/12/11 12:33:46 [notice] 1#1: nginx/1.25.3
2023/12/11 12:33:46 [notice] 1#1: built by gcc 12.2.1 20220924 (Alpine 12.2.1_git20220924-r10) 
2023/12/11 12:33:46 [notice] 1#1: OS: Linux 6.4.16-linuxkit
2023/12/11 12:33:46 [notice] 1#1: getrlimit(RLIMIT_NOFILE): 1048576:1048576
2023/12/11 12:33:46 [notice] 1#1: start worker processes
2023/12/11 12:33:46 [notice] 1#1: start worker process 30
2023/12/11 12:33:46 [notice] 1#1: start worker process 31
2023/12/11 12:33:46 [notice] 1#1: start worker process 32
2023/12/11 12:33:46 [notice] 1#1: start worker process 33
2023/12/11 12:33:46 [notice] 1#1: start worker process 34
2023/12/11 12:33:46 [notice] 1#1: start worker process 35
2023/12/11 12:33:46 [notice] 1#1: start worker process 36
2023/12/11 12:33:46 [notice] 1#1: start worker process 37
2023/12/11 12:33:46 [notice] 1#1: start worker process 38
2023/12/11 12:33:46 [notice] 1#1: start worker process 39
2023/12/11 12:42:22 [notice] 1#1: signal 3 (SIGQUIT) received, shutting down
2023/12/11 12:42:22 [notice] 30#30: gracefully shutting down
2023/12/11 12:42:22 [notice] 30#30: exiting
2023/12/11 12:42:22 [notice] 31#31: gracefully shutting down
2023/12/11 12:42:22 [notice] 38#38: gracefully shutting down
2023/12/11 12:42:22 [notice] 37#37: gracefully shutting down
2023/12/11 12:42:22 [notice] 37#37: exiting
2023/12/11 12:42:22 [notice] 33#33: gracefully shutting down
2023/12/11 12:42:22 [notice] 36#36: gracefully shutting down
2023/12/11 12:42:22 [notice] 34#34: gracefully shutting down
2023/12/11 12:42:22 [notice] 34#34: exiting
2023/12/11 12:42:22 [notice] 32#32: gracefully shutting down
2023/12/11 12:42:22 [notice] 39#39: gracefully shutting down
2023/12/11 12:42:22 [notice] 35#35: gracefully shutting down
2023/12/11 12:42:22 [notice] 30#30: exit
2023/12/11 12:42:22 [notice] 31#31: exiting
2023/12/11 12:42:22 [notice] 38#38: exiting
2023/12/11 12:42:22 [notice] 37#37: exit
2023/12/11 12:42:22 [notice] 33#33: exiting
2023/12/11 12:42:22 [notice] 36#36: exiting
2023/12/11 12:42:22 [notice] 34#34: exit
2023/12/11 12:42:22 [notice] 32#32: exiting
2023/12/11 12:42:22 [notice] 39#39: exiting
2023/12/11 12:42:22 [notice] 35#35: exiting
2023/12/11 12:42:22 [notice] 31#31: exit
2023/12/11 12:42:22 [notice] 38#38: exit
2023/12/11 12:42:22 [notice] 33#33: exit
2023/12/11 12:42:22 [notice] 36#36: exit
2023/12/11 12:42:22 [notice] 32#32: exit
2023/12/11 12:42:22 [notice] 39#39: exit
2023/12/11 12:42:22 [notice] 35#35: exit
2023/12/11 12:42:22 [notice] 1#1: signal 17 (SIGCHLD) received from 37
2023/12/11 12:42:22 [notice] 1#1: worker process 37 exited with code 0
2023/12/11 12:42:22 [notice] 1#1: worker process 38 exited with code 0
2023/12/11 12:42:22 [notice] 1#1: signal 29 (SIGIO) received
2023/12/11 12:42:22 [notice] 1#1: signal 17 (SIGCHLD) received from 35
2023/12/11 12:42:22 [notice] 1#1: worker process 35 exited with code 0
2023/12/11 12:42:22 [notice] 1#1: signal 29 (SIGIO) received
2023/12/11 12:42:22 [notice] 1#1: signal 17 (SIGCHLD) received from 30
2023/12/11 12:42:22 [notice] 1#1: worker process 30 exited with code 0
2023/12/11 12:42:22 [notice] 1#1: worker process 36 exited with code 0
2023/12/11 12:42:22 [notice] 1#1: signal 29 (SIGIO) received
2023/12/11 12:42:22 [notice] 1#1: signal 17 (SIGCHLD) received from 36
2023/12/11 12:42:22 [notice] 1#1: signal 17 (SIGCHLD) received from 34
2023/12/11 12:42:22 [notice] 1#1: worker process 31 exited with code 0
2023/12/11 12:42:22 [notice] 1#1: worker process 32 exited with code 0
2023/12/11 12:42:22 [notice] 1#1: worker process 33 exited with code 0
2023/12/11 12:42:22 [notice] 1#1: worker process 34 exited with code 0
2023/12/11 12:42:22 [notice] 1#1: worker process 39 exited with code 0
2023/12/11 12:42:22 [notice] 1#1: exit
2023/12/11 12:44:26 [warn] 1#1: conflicting server name "localhost" on 0.0.0.0:80, ignored
2023/12/11 12:44:26 [notice] 1#1: using the "epoll" event method
2023/12/11 12:44:26 [notice] 1#1: nginx/1.25.3
2023/12/11 12:44:26 [notice] 1#1: built by gcc 12.2.1 20220924 (Alpine 12.2.1_git20220924-r10) 
2023/12/11 12:44:26 [notice] 1#1: OS: Linux 6.4.16-linuxkit
2023/12/11 12:44:26 [notice] 1#1: getrlimit(RLIMIT_NOFILE): 1048576:1048576
2023/12/11 12:44:26 [notice] 1#1: start worker processes
2023/12/11 12:44:26 [notice] 1#1: start worker process 30
2023/12/11 12:44:26 [notice] 1#1: start worker process 31
2023/12/11 12:44:26 [notice] 1#1: start worker process 32
2023/12/11 12:44:26 [notice] 1#1: start worker process 33
2023/12/11 12:44:26 [notice] 1#1: start worker process 34
2023/12/11 12:44:26 [notice] 1#1: start worker process 35
2023/12/11 12:44:26 [notice] 1#1: start worker process 36
2023/12/11 12:44:26 [notice] 1#1: start worker process 37
2023/12/11 12:44:26 [notice] 1#1: start worker process 38
2023/12/11 12:44:26 [notice] 1#1: start worker process 39
2023/12/11 12:44:27 [warn] 1#1: conflicting server name "localhost" on 0.0.0.0:80, ignored
2023/12/11 12:44:27 [notice] 1#1: using the "epoll" event method
2023/12/11 12:44:27 [notice] 1#1: nginx/1.25.3
2023/12/11 12:44:27 [notice] 1#1: built by gcc 12.2.1 20220924 (Alpine 12.2.1_git20220924-r10) 
2023/12/11 12:44:27 [notice] 1#1: OS: Linux 6.4.16-linuxkit
2023/12/11 12:44:27 [notice] 1#1: getrlimit(RLIMIT_NOFILE): 1048576:1048576
2023/12/11 12:44:27 [notice] 1#1: start worker processes
2023/12/11 12:44:27 [notice] 1#1: start worker process 30
2023/12/11 12:44:27 [notice] 1#1: start worker process 31
2023/12/11 12:44:27 [notice] 1#1: start worker process 32
2023/12/11 12:44:27 [notice] 1#1: start worker process 33
2023/12/11 12:44:27 [notice] 1#1: start worker process 34
2023/12/11 12:44:27 [notice] 1#1: start worker process 35
2023/12/11 12:44:27 [notice] 1#1: start worker process 36
2023/12/11 12:44:27 [notice] 1#1: start worker process 37
2023/12/11 12:44:27 [notice] 1#1: start worker process 38
2023/12/11 12:44:27 [notice] 1#1: start worker process 39
2023/12/11 12:45:06 [notice] 1#1: signal 3 (SIGQUIT) received, shutting down
2023/12/11 12:45:06 [notice] 1#1: signal 3 (SIGQUIT) received, shutting down
2023/12/11 12:45:06 [notice] 30#30: gracefully shutting down
2023/12/11 12:45:06 [notice] 30#30: gracefully shutting down
2023/12/11 12:45:06 [notice] 31#31: gracefully shutting down
2023/12/11 12:45:06 [notice] 35#35: gracefully shutting down
2023/12/11 12:45:06 [notice] 32#32: gracefully shutting down
2023/12/11 12:45:06 [notice] 31#31: gracefully shutting down
2023/12/11 12:45:06 [notice] 33#33: gracefully shutting down
2023/12/11 12:45:06 [notice] 37#37: gracefully shutting down
2023/12/11 12:45:06 [notice] 38#38: gracefully shutting down
2023/12/11 12:45:06 [notice] 33#33: gracefully shutting down
2023/12/11 12:45:06 [notice] 35#35: gracefully shutting down
2023/12/11 12:45:06 [notice] 39#39: gracefully shutting down
2023/12/11 12:45:06 [notice] 34#34: gracefully shutting down
2023/12/11 12:45:06 [notice] 34#34: gracefully shutting down
2023/12/11 12:45:06 [notice] 36#36: gracefully shutting down
2023/12/11 12:45:06 [notice] 32#32: gracefully shutting down
2023/12/11 12:45:06 [notice] 39#39: gracefully shutting down
2023/12/11 12:45:06 [notice] 38#38: gracefully shutting down
2023/12/11 12:45:06 [notice] 37#37: gracefully shutting down
2023/12/11 12:45:06 [notice] 36#36: gracefully shutting down
2023/12/11 12:45:06 [notice] 30#30: exiting
2023/12/11 12:45:06 [notice] 30#30: exiting
2023/12/11 12:45:06 [notice] 35#35: exiting
2023/12/11 12:45:06 [notice] 31#31: exiting
2023/12/11 12:45:06 [notice] 31#31: exiting
2023/12/11 12:45:06 [notice] 32#32: exiting
2023/12/11 12:45:06 [notice] 37#37: exiting
2023/12/11 12:45:06 [notice] 33#33: exiting
2023/12/11 12:45:06 [notice] 33#33: exiting
2023/12/11 12:45:06 [notice] 38#38: exiting
2023/12/11 12:45:06 [notice] 39#39: exiting
2023/12/11 12:45:06 [notice] 35#35: exiting
2023/12/11 12:45:06 [notice] 34#34: exiting
2023/12/11 12:45:06 [notice] 34#34: exiting
2023/12/11 12:45:06 [notice] 32#32: exiting
2023/12/11 12:45:06 [notice] 36#36: exiting
2023/12/11 12:45:06 [notice] 38#38: exiting
2023/12/11 12:45:06 [notice] 39#39: exiting
2023/12/11 12:45:06 [notice] 36#36: exiting
2023/12/11 12:45:06 [notice] 37#37: exiting
2023/12/11 12:45:06 [notice] 30#30: exit
2023/12/11 12:45:06 [notice] 30#30: exit
2023/12/11 12:45:06 [notice] 35#35: exit
2023/12/11 12:45:06 [notice] 31#31: exit
2023/12/11 12:45:06 [notice] 31#31: exit
2023/12/11 12:45:06 [notice] 32#32: exit
2023/12/11 12:45:06 [notice] 37#37: exit
2023/12/11 12:45:06 [notice] 33#33: exit
2023/12/11 12:45:06 [notice] 33#33: exit
2023/12/11 12:45:06 [notice] 38#38: exit
2023/12/11 12:45:06 [notice] 39#39: exit
2023/12/11 12:45:06 [notice] 35#35: exit
2023/12/11 12:45:06 [notice] 34#34: exit
2023/12/11 12:45:06 [notice] 34#34: exit
2023/12/11 12:45:06 [notice] 32#32: exit
2023/12/11 12:45:06 [notice] 36#36: exit
2023/12/11 12:45:06 [notice] 38#38: exit
2023/12/11 12:45:06 [notice] 39#39: exit
2023/12/11 12:45:06 [notice] 36#36: exit
2023/12/11 12:45:06 [notice] 37#37: exit
2023/12/11 12:45:06 [notice] 1#1: signal 17 (SIGCHLD) received from 31
2023/12/11 12:45:06 [notice] 1#1: worker process 31 exited with code 0
2023/12/11 12:45:06 [notice] 1#1: worker process 32 exited with code 0
2023/12/11 12:45:06 [notice] 1#1: signal 17 (SIGCHLD) received from 37
2023/12/11 12:45:06 [notice] 1#1: worker process 30 exited with code 0
2023/12/11 12:45:06 [notice] 1#1: worker process 35 exited with code 0
2023/12/11 12:45:06 [notice] 1#1: worker process 37 exited with code 0
2023/12/11 12:45:06 [notice] 1#1: signal 29 (SIGIO) received
2023/12/11 12:45:06 [notice] 1#1: signal 17 (SIGCHLD) received from 30
2023/12/11 12:45:06 [notice] 1#1: worker process 30 exited with code 0
2023/12/11 12:45:06 [notice] 1#1: signal 29 (SIGIO) received
2023/12/11 12:45:06 [notice] 1#1: signal 17 (SIGCHLD) received from 35
2023/12/11 12:45:06 [notice] 1#1: signal 29 (SIGIO) received
2023/12/11 12:45:06 [notice] 1#1: signal 17 (SIGCHLD) received from 38
2023/12/11 12:45:06 [notice] 1#1: worker process 33 exited with code 0
2023/12/11 12:45:06 [notice] 1#1: worker process 38 exited with code 0
2023/12/11 12:45:06 [notice] 1#1: signal 17 (SIGCHLD) received from 31
2023/12/11 12:45:06 [notice] 1#1: worker process 31 exited with code 0
2023/12/11 12:45:06 [notice] 1#1: signal 29 (SIGIO) received
2023/12/11 12:45:06 [notice] 1#1: signal 17 (SIGCHLD) received from 33
2023/12/11 12:45:06 [notice] 1#1: signal 29 (SIGIO) received
2023/12/11 12:45:06 [notice] 1#1: signal 17 (SIGCHLD) received from 39
2023/12/11 12:45:06 [notice] 1#1: worker process 32 exited with code 0
2023/12/11 12:45:06 [notice] 1#1: worker process 33 exited with code 0
2023/12/11 12:45:06 [notice] 1#1: worker process 34 exited with code 0
2023/12/11 12:45:06 [notice] 1#1: worker process 36 exited with code 0
2023/12/11 12:45:06 [notice] 1#1: worker process 39 exited with code 0
2023/12/11 12:45:06 [notice] 1#1: signal 17 (SIGCHLD) received from 39
2023/12/11 12:45:06 [notice] 1#1: worker process 34 exited with code 0
2023/12/11 12:45:06 [notice] 1#1: worker process 35 exited with code 0
2023/12/11 12:45:06 [notice] 1#1: worker process 36 exited with code 0
2023/12/11 12:45:06 [notice] 1#1: worker process 37 exited with code 0
2023/12/11 12:45:06 [notice] 1#1: worker process 39 exited with code 0
2023/12/11 12:45:06 [notice] 1#1: signal 29 (SIGIO) received
2023/12/11 12:45:06 [notice] 1#1: signal 17 (SIGCHLD) received from 32
2023/12/11 12:45:06 [notice] 1#1: exit
2023/12/11 12:45:06 [notice] 1#1: signal 17 (SIGCHLD) received from 38
2023/12/11 12:45:06 [notice] 1#1: worker process 38 exited with code 0
2023/12/11 12:45:06 [notice] 1#1: exit
2023/12/11 12:45:51 [warn] 1#1: conflicting server name "localhost" on 0.0.0.0:80, ignored
2023/12/11 12:45:51 [notice] 1#1: using the "epoll" event method
2023/12/11 12:45:51 [notice] 1#1: nginx/1.25.3
2023/12/11 12:45:51 [notice] 1#1: built by gcc 12.2.1 20220924 (Alpine 12.2.1_git20220924-r10) 
2023/12/11 12:45:51 [notice] 1#1: OS: Linux 6.4.16-linuxkit
2023/12/11 12:45:51 [notice] 1#1: getrlimit(RLIMIT_NOFILE): 1048576:1048576
2023/12/11 12:45:51 [notice] 1#1: start worker processes
2023/12/11 12:45:51 [notice] 1#1: start worker process 30
2023/12/11 12:45:51 [notice] 1#1: start worker process 31
2023/12/11 12:45:51 [notice] 1#1: start worker process 32
2023/12/11 12:45:51 [notice] 1#1: start worker process 33
2023/12/11 12:45:51 [notice] 1#1: start worker process 34
2023/12/11 12:45:51 [notice] 1#1: start worker process 35
2023/12/11 12:45:51 [notice] 1#1: start worker process 36
2023/12/11 12:45:51 [notice] 1#1: start worker process 37
2023/12/11 12:45:51 [notice] 1#1: start worker process 38
2023/12/11 12:45:51 [notice] 1#1: start worker process 39
2023/12/11 12:45:51 [warn] 1#1: conflicting server name "localhost" on 0.0.0.0:80, ignored
2023/12/11 12:45:51 [notice] 1#1: using the "epoll" event method
2023/12/11 12:45:51 [notice] 1#1: nginx/1.25.3
2023/12/11 12:45:51 [notice] 1#1: built by gcc 12.2.1 20220924 (Alpine 12.2.1_git20220924-r10) 
2023/12/11 12:45:51 [notice] 1#1: OS: Linux 6.4.16-linuxkit
2023/12/11 12:45:51 [notice] 1#1: getrlimit(RLIMIT_NOFILE): 1048576:1048576
2023/12/11 12:45:51 [notice] 1#1: start worker processes
2023/12/11 12:45:51 [notice] 1#1: start worker process 30
2023/12/11 12:45:51 [notice] 1#1: start worker process 31
2023/12/11 12:45:51 [notice] 1#1: start worker process 32
2023/12/11 12:45:51 [notice] 1#1: start worker process 33
2023/12/11 12:45:51 [notice] 1#1: start worker process 34
2023/12/11 12:45:51 [notice] 1#1: start worker process 35
2023/12/11 12:45:51 [notice] 1#1: start worker process 36
2023/12/11 12:45:51 [notice] 1#1: start worker process 37
2023/12/11 12:45:51 [notice] 1#1: start worker process 38
2023/12/11 12:45:51 [notice] 1#1: start worker process 39
2023/12/11 12:46:28 [notice] 1#1: signal 3 (SIGQUIT) received, shutting down
2023/12/11 12:46:28 [notice] 1#1: signal 3 (SIGQUIT) received, shutting down
2023/12/11 12:46:28 [notice] 30#30: gracefully shutting down
2023/12/11 12:46:28 [notice] 30#30: gracefully shutting down
2023/12/11 12:46:28 [notice] 32#32: gracefully shutting down
2023/12/11 12:46:28 [notice] 31#31: gracefully shutting down
2023/12/11 12:46:28 [notice] 31#31: gracefully shutting down
2023/12/11 12:46:28 [notice] 36#36: gracefully shutting down
2023/12/11 12:46:28 [notice] 36#36: gracefully shutting down
2023/12/11 12:46:28 [notice] 32#32: gracefully shutting down
2023/12/11 12:46:28 [notice] 34#34: gracefully shutting down
2023/12/11 12:46:28 [notice] 34#34: gracefully shutting down
2023/12/11 12:46:28 [notice] 39#39: gracefully shutting down
2023/12/11 12:46:28 [notice] 35#35: gracefully shutting down
2023/12/11 12:46:28 [notice] 38#38: gracefully shutting down
2023/12/11 12:46:28 [notice] 37#37: gracefully shutting down
2023/12/11 12:46:28 [notice] 33#33: gracefully shutting down
2023/12/11 12:46:28 [notice] 33#33: gracefully shutting down
2023/12/11 12:46:28 [notice] 38#38: gracefully shutting down
2023/12/11 12:46:28 [notice] 37#37: gracefully shutting down
2023/12/11 12:46:28 [notice] 39#39: gracefully shutting down
2023/12/11 12:46:28 [notice] 35#35: gracefully shutting down
2023/12/11 12:46:28 [notice] 31#31: exiting
2023/12/11 12:46:28 [notice] 30#30: exiting
2023/12/11 12:46:28 [notice] 36#36: exiting
2023/12/11 12:46:28 [notice] 32#32: exiting
2023/12/11 12:46:28 [notice] 32#32: exiting
2023/12/11 12:46:28 [notice] 31#31: exiting
2023/12/11 12:46:28 [notice] 34#34: exiting
2023/12/11 12:46:28 [notice] 36#36: exiting
2023/12/11 12:46:28 [notice] 35#35: exiting
2023/12/11 12:46:28 [notice] 34#34: exiting
2023/12/11 12:46:28 [notice] 37#37: exiting
2023/12/11 12:46:28 [notice] 39#39: exiting
2023/12/11 12:46:28 [notice] 33#33: exiting
2023/12/11 12:46:28 [notice] 38#38: exiting
2023/12/11 12:46:28 [notice] 38#38: exiting
2023/12/11 12:46:28 [notice] 33#33: exiting
2023/12/11 12:46:28 [notice] 39#39: exiting
2023/12/11 12:46:28 [notice] 37#37: exiting
2023/12/11 12:46:28 [notice] 31#31: exit
2023/12/11 12:46:28 [notice] 35#35: exiting
2023/12/11 12:46:28 [notice] 36#36: exit
2023/12/11 12:46:28 [notice] 30#30: exit
2023/12/11 12:46:28 [notice] 32#32: exit
2023/12/11 12:46:28 [notice] 32#32: exit
2023/12/11 12:46:28 [notice] 31#31: exit
2023/12/11 12:46:28 [notice] 36#36: exit
2023/12/11 12:46:28 [notice] 34#34: exit
2023/12/11 12:46:28 [notice] 34#34: exit
2023/12/11 12:46:28 [notice] 35#35: exit
2023/12/11 12:46:28 [notice] 37#37: exit
2023/12/11 12:46:28 [notice] 39#39: exit
2023/12/11 12:46:28 [notice] 33#33: exit
2023/12/11 12:46:28 [notice] 38#38: exit
2023/12/11 12:46:28 [notice] 38#38: exit
2023/12/11 12:46:28 [notice] 33#33: exit
2023/12/11 12:46:28 [notice] 39#39: exit
2023/12/11 12:46:28 [notice] 37#37: exit
2023/12/11 12:46:28 [notice] 35#35: exit
2023/12/11 12:46:28 [notice] 1#1: signal 17 (SIGCHLD) received from 36
2023/12/11 12:46:28 [notice] 1#1: worker process 36 exited with code 0
2023/12/11 12:46:28 [notice] 1#1: signal 17 (SIGCHLD) received from 36
2023/12/11 12:46:28 [notice] 1#1: worker process 36 exited with code 0
2023/12/11 12:46:28 [notice] 1#1: signal 29 (SIGIO) received
2023/12/11 12:46:28 [notice] 1#1: signal 29 (SIGIO) received
2023/12/11 12:46:28 [notice] 1#1: signal 17 (SIGCHLD) received from 32
2023/12/11 12:46:28 [notice] 1#1: worker process 32 exited with code 0
2023/12/11 12:46:28 [notice] 1#1: worker process 39 exited with code 0
2023/12/11 12:46:28 [notice] 1#1: signal 17 (SIGCHLD) received from 34
2023/12/11 12:46:28 [notice] 1#1: worker process 34 exited with code 0
2023/12/11 12:46:28 [notice] 1#1: worker process 31 exited with code 0
2023/12/11 12:46:28 [notice] 1#1: worker process 37 exited with code 0
2023/12/11 12:46:28 [notice] 1#1: worker process 35 exited with code 0
2023/12/11 12:46:28 [notice] 1#1: worker process 38 exited with code 0
2023/12/11 12:46:28 [notice] 1#1: signal 29 (SIGIO) received
2023/12/11 12:46:28 [notice] 1#1: signal 17 (SIGCHLD) received from 39
2023/12/11 12:46:28 [notice] 1#1: worker process 34 exited with code 0
2023/12/11 12:46:28 [notice] 1#1: worker process 38 exited with code 0
2023/12/11 12:46:28 [notice] 1#1: signal 29 (SIGIO) received
2023/12/11 12:46:28 [notice] 1#1: signal 17 (SIGCHLD) received from 37
2023/12/11 12:46:28 [notice] 1#1: signal 29 (SIGIO) received
2023/12/11 12:46:28 [notice] 1#1: signal 17 (SIGCHLD) received from 38
2023/12/11 12:46:28 [notice] 1#1: signal 17 (SIGCHLD) received from 32
2023/12/11 12:46:28 [notice] 1#1: worker process 32 exited with code 0
2023/12/11 12:46:28 [notice] 1#1: worker process 33 exited with code 0
2023/12/11 12:46:28 [notice] 1#1: signal 17 (SIGCHLD) received from 31
2023/12/11 12:46:28 [notice] 1#1: worker process 30 exited with code 0
2023/12/11 12:46:28 [notice] 1#1: worker process 31 exited with code 0
2023/12/11 12:46:28 [notice] 1#1: worker process 33 exited with code 0
2023/12/11 12:46:28 [notice] 1#1: worker process 35 exited with code 0
2023/12/11 12:46:28 [notice] 1#1: signal 29 (SIGIO) received
2023/12/11 12:46:28 [notice] 1#1: signal 17 (SIGCHLD) received from 33
2023/12/11 12:46:28 [notice] 1#1: signal 29 (SIGIO) received
2023/12/11 12:46:28 [notice] 1#1: signal 17 (SIGCHLD) received from 35
2023/12/11 12:46:28 [notice] 1#1: signal 17 (SIGCHLD) received from 37
2023/12/11 12:46:28 [notice] 1#1: worker process 37 exited with code 0
2023/12/11 12:46:28 [notice] 1#1: signal 17 (SIGCHLD) received from 39
2023/12/11 12:46:28 [notice] 1#1: worker process 39 exited with code 0
2023/12/11 12:46:28 [notice] 1#1: exit
2023/12/11 12:46:28 [notice] 1#1: signal 29 (SIGIO) received
2023/12/11 12:46:29 [notice] 30#30: exiting
2023/12/11 12:46:29 [notice] 30#30: exit
2023/12/11 12:46:29 [notice] 1#1: signal 17 (SIGCHLD) received from 30
2023/12/11 12:46:29 [notice] 1#1: worker process 30 exited with code 0
2023/12/11 12:46:29 [notice] 1#1: exit
2024/02/07 20:01:18 [warn] 1#1: conflicting server name "localhost" on 0.0.0.0:80, ignored
2024/02/07 20:01:18 [notice] 1#1: using the "epoll" event method
2024/02/07 20:01:18 [notice] 1#1: nginx/1.25.3
2024/02/07 20:01:18 [notice] 1#1: built by gcc 12.2.1 20220924 (Alpine 12.2.1_git20220924-r10) 
2024/02/07 20:01:18 [notice] 1#1: OS: Linux 6.5.11-linuxkit
2024/02/07 20:01:18 [notice] 1#1: getrlimit(RLIMIT_NOFILE): 1048576:1048576
2024/02/07 20:01:18 [notice] 1#1: start worker processes
2024/02/07 20:01:18 [notice] 1#1: start worker process 30
2024/02/07 20:01:18 [notice] 1#1: start worker process 31
2024/02/07 20:01:18 [notice] 1#1: start worker process 32
2024/02/07 20:01:18 [notice] 1#1: start worker process 33
2024/02/07 20:01:18 [notice] 1#1: start worker process 34
2024/02/07 20:01:18 [notice] 1#1: start worker process 35
2024/02/07 20:01:18 [notice] 1#1: start worker process 36
2024/02/07 20:01:18 [notice] 1#1: start worker process 37
2024/02/07 20:01:18 [notice] 1#1: start worker process 38
2024/02/07 20:01:18 [notice] 1#1: start worker process 39
2024/02/07 20:01:18 [notice] 1#1: start worker process 40
2024/02/07 20:01:18 [notice] 1#1: start worker process 41
2024/02/07 20:01:19 [warn] 1#1: conflicting server name "localhost" on 0.0.0.0:80, ignored
2024/02/07 20:01:19 [notice] 1#1: using the "epoll" event method
2024/02/07 20:01:19 [notice] 1#1: nginx/1.25.3
2024/02/07 20:01:19 [notice] 1#1: built by gcc 12.2.1 20220924 (Alpine 12.2.1_git20220924-r10) 
2024/02/07 20:01:19 [notice] 1#1: OS: Linux 6.5.11-linuxkit
2024/02/07 20:01:19 [notice] 1#1: getrlimit(RLIMIT_NOFILE): 1048576:1048576
2024/02/07 20:01:19 [notice] 1#1: start worker processes
2024/02/07 20:01:19 [notice] 1#1: start worker process 30
2024/02/07 20:01:19 [notice] 1#1: start worker process 31
2024/02/07 20:01:19 [notice] 1#1: start worker process 32
2024/02/07 20:01:19 [notice] 1#1: start worker process 33
2024/02/07 20:01:19 [notice] 1#1: start worker process 34
2024/02/07 20:01:19 [notice] 1#1: start worker process 35
2024/02/07 20:01:19 [notice] 1#1: start worker process 36
2024/02/07 20:01:19 [notice] 1#1: start worker process 37
2024/02/07 20:01:19 [notice] 1#1: start worker process 38
2024/02/07 20:01:19 [notice] 1#1: start worker process 39
2024/02/07 20:01:19 [notice] 1#1: start worker process 40
2024/02/07 20:01:19 [notice] 1#1: start worker process 41
2024/02/07 20:03:20 [notice] 1#1: signal 3 (SIGQUIT) received, shutting down
2024/02/07 20:03:20 [notice] 33#33: gracefully shutting down
2024/02/07 20:03:20 [notice] 31#31: gracefully shutting down
2024/02/07 20:03:20 [notice] 31#31: exiting
2024/02/07 20:03:20 [notice] 30#30: gracefully shutting down
2024/02/07 20:03:20 [notice] 32#32: gracefully shutting down
2024/02/07 20:03:20 [notice] 35#35: gracefully shutting down
2024/02/07 20:03:20 [notice] 37#37: gracefully shutting down
2024/02/07 20:03:20 [notice] 38#38: gracefully shutting down
2024/02/07 20:03:20 [notice] 36#36: gracefully shutting down
2024/02/07 20:03:20 [notice] 34#34: gracefully shutting down
2024/02/07 20:03:20 [notice] 41#41: gracefully shutting down
2024/02/07 20:03:20 [notice] 40#40: gracefully shutting down
2024/02/07 20:03:20 [notice] 39#39: gracefully shutting down
2024/02/07 20:03:20 [notice] 33#33: exiting
2024/02/07 20:03:20 [notice] 31#31: exit
2024/02/07 20:03:20 [notice] 30#30: exiting
2024/02/07 20:03:20 [notice] 32#32: exiting
2024/02/07 20:03:20 [notice] 35#35: exiting
2024/02/07 20:03:20 [notice] 37#37: exiting
2024/02/07 20:03:20 [notice] 38#38: exiting
2024/02/07 20:03:20 [notice] 36#36: exiting
2024/02/07 20:03:20 [notice] 34#34: exiting
2024/02/07 20:03:20 [notice] 41#41: exiting
2024/02/07 20:03:20 [notice] 40#40: exiting
2024/02/07 20:03:20 [notice] 39#39: exiting
2024/02/07 20:03:20 [notice] 33#33: exit
2024/02/07 20:03:20 [notice] 30#30: exit
2024/02/07 20:03:20 [notice] 32#32: exit
2024/02/07 20:03:20 [notice] 35#35: exit
2024/02/07 20:03:20 [notice] 37#37: exit
2024/02/07 20:03:20 [notice] 38#38: exit
2024/02/07 20:03:20 [notice] 36#36: exit
2024/02/07 20:03:20 [notice] 34#34: exit
2024/02/07 20:03:20 [notice] 41#41: exit
2024/02/07 20:03:20 [notice] 40#40: exit
2024/02/07 20:03:20 [notice] 39#39: exit
2024/02/07 20:03:20 [notice] 1#1: signal 17 (SIGCHLD) received from 31
2024/02/07 20:03:20 [notice] 1#1: worker process 31 exited with code 0
2024/02/07 20:03:20 [notice] 1#1: signal 29 (SIGIO) received
2024/02/07 20:03:20 [notice] 1#1: signal 17 (SIGCHLD) received from 33
2024/02/07 20:03:20 [notice] 1#1: worker process 33 exited with code 0
2024/02/07 20:03:20 [notice] 1#1: signal 29 (SIGIO) received
2024/02/07 20:03:20 [notice] 1#1: signal 17 (SIGCHLD) received from 37
2024/02/07 20:03:20 [notice] 1#1: worker process 30 exited with code 0
2024/02/07 20:03:20 [notice] 1#1: worker process 32 exited with code 0
2024/02/07 20:03:20 [notice] 1#1: worker process 37 exited with code 0
2024/02/07 20:03:20 [notice] 1#1: signal 29 (SIGIO) received
2024/02/07 20:03:20 [notice] 1#1: signal 17 (SIGCHLD) received from 39
2024/02/07 20:03:20 [notice] 1#1: worker process 35 exited with code 0
2024/02/07 20:03:20 [notice] 1#1: worker process 39 exited with code 0
2024/02/07 20:03:20 [notice] 1#1: worker process 40 exited with code 0
2024/02/07 20:03:20 [notice] 1#1: worker process 34 exited with code 0
2024/02/07 20:03:20 [notice] 1#1: worker process 36 exited with code 0
2024/02/07 20:03:20 [notice] 1#1: worker process 38 exited with code 0
2024/02/07 20:03:20 [notice] 1#1: worker process 41 exited with code 0
2024/02/07 20:03:20 [notice] 1#1: exit
2024/02/07 20:07:45 [warn] 1#1: conflicting server name "localhost" on 0.0.0.0:80, ignored
2024/02/07 20:07:45 [notice] 1#1: using the "epoll" event method
2024/02/07 20:07:45 [notice] 1#1: nginx/1.25.3
2024/02/07 20:07:45 [notice] 1#1: built by gcc 12.2.1 20220924 (Alpine 12.2.1_git20220924-r10) 
2024/02/07 20:07:45 [notice] 1#1: OS: Linux 6.5.11-linuxkit
2024/02/07 20:07:45 [notice] 1#1: getrlimit(RLIMIT_NOFILE): 1048576:1048576
2024/02/07 20:07:45 [notice] 1#1: start worker processes
2024/02/07 20:07:45 [notice] 1#1: start worker process 30
2024/02/07 20:07:45 [notice] 1#1: start worker process 31
2024/02/07 20:07:45 [notice] 1#1: start worker process 32
2024/02/07 20:07:45 [notice] 1#1: start worker process 33
2024/02/07 20:07:45 [notice] 1#1: start worker process 34
2024/02/07 20:07:45 [notice] 1#1: start worker process 35
2024/02/07 20:07:45 [notice] 1#1: start worker process 36
2024/02/07 20:07:45 [notice] 1#1: start worker process 37
2024/02/07 20:07:45 [notice] 1#1: start worker process 38
2024/02/07 20:07:45 [notice] 1#1: start worker process 39
2024/02/07 20:07:45 [notice] 1#1: start worker process 40
2024/02/07 20:07:45 [notice] 1#1: start worker process 41
2024/02/07 20:07:46 [warn] 1#1: conflicting server name "localhost" on 0.0.0.0:80, ignored
2024/02/07 20:07:46 [notice] 1#1: using the "epoll" event method
2024/02/07 20:07:46 [notice] 1#1: nginx/1.25.3
2024/02/07 20:07:46 [notice] 1#1: built by gcc 12.2.1 20220924 (Alpine 12.2.1_git20220924-r10) 
2024/02/07 20:07:46 [notice] 1#1: OS: Linux 6.5.11-linuxkit
2024/02/07 20:07:46 [notice] 1#1: getrlimit(RLIMIT_NOFILE): 1048576:1048576
2024/02/07 20:07:46 [notice] 1#1: start worker processes
2024/02/07 20:07:46 [notice] 1#1: start worker process 31
2024/02/07 20:07:46 [notice] 1#1: start worker process 32
2024/02/07 20:07:46 [notice] 1#1: start worker process 33
2024/02/07 20:07:46 [notice] 1#1: start worker process 34
2024/02/07 20:07:46 [notice] 1#1: start worker process 35
2024/02/07 20:07:46 [notice] 1#1: start worker process 36
2024/02/07 20:07:46 [notice] 1#1: start worker process 37
2024/02/07 20:07:46 [notice] 1#1: start worker process 38
2024/02/07 20:07:46 [notice] 1#1: start worker process 39
2024/02/07 20:07:46 [notice] 1#1: start worker process 40
2024/02/07 20:07:46 [notice] 1#1: start worker process 41
2024/02/07 20:07:46 [notice] 1#1: start worker process 42
2024/02/07 20:12:17 [notice] 1#1: signal 3 (SIGQUIT) received, shutting down
2024/02/07 20:12:17 [notice] 32#32: gracefully shutting down
2024/02/07 20:12:17 [notice] 35#35: gracefully shutting down
2024/02/07 20:12:17 [notice] 35#35: exiting
2024/02/07 20:12:17 [notice] 36#36: gracefully shutting down
2024/02/07 20:12:17 [notice] 38#38: gracefully shutting down
2024/02/07 20:12:17 [notice] 37#37: gracefully shutting down
2024/02/07 20:12:17 [notice] 39#39: gracefully shutting down
2024/02/07 20:12:17 [notice] 30#30: gracefully shutting down
2024/02/07 20:12:17 [notice] 1#1: signal 3 (SIGQUIT) received, shutting down
2024/02/07 20:12:17 [notice] 30#30: exiting
2024/02/07 20:12:17 [notice] 32#32: gracefully shutting down
2024/02/07 20:12:17 [notice] 31#31: gracefully shutting down
2024/02/07 20:12:17 [notice] 34#34: gracefully shutting down
2024/02/07 20:12:17 [notice] 40#40: gracefully shutting down
2024/02/07 20:12:17 [notice] 39#39: gracefully shutting down
2024/02/07 20:12:17 [notice] 41#41: gracefully shutting down
2024/02/07 20:12:17 [notice] 37#37: gracefully shutting down
2024/02/07 20:12:17 [notice] 33#33: gracefully shutting down
2024/02/07 20:12:17 [notice] 41#41: gracefully shutting down
2024/02/07 20:12:17 [notice] 33#33: exiting
2024/02/07 20:12:17 [notice] 40#40: gracefully shutting down
2024/02/07 20:12:17 [notice] 34#34: gracefully shutting down
2024/02/07 20:12:17 [notice] 42#42: gracefully shutting down
2024/02/07 20:12:17 [notice] 32#32: exiting
2024/02/07 20:12:17 [notice] 35#35: gracefully shutting down
2024/02/07 20:12:17 [notice] 35#35: exit
2024/02/07 20:12:17 [notice] 38#38: gracefully shutting down
2024/02/07 20:12:17 [notice] 36#36: exiting
2024/02/07 20:12:17 [notice] 36#36: gracefully shutting down
2024/02/07 20:12:17 [notice] 38#38: exiting
2024/02/07 20:12:17 [notice] 31#31: gracefully shutting down
2024/02/07 20:12:17 [notice] 37#37: exiting
2024/02/07 20:12:17 [notice] 33#33: gracefully shutting down
2024/02/07 20:12:17 [notice] 39#39: exiting
2024/02/07 20:12:17 [notice] 32#32: exiting
2024/02/07 20:12:17 [notice] 30#30: exit
2024/02/07 20:12:17 [notice] 31#31: exiting
2024/02/07 20:12:17 [notice] 40#40: exiting
2024/02/07 20:12:17 [notice] 34#34: exiting
2024/02/07 20:12:17 [notice] 39#39: exiting
2024/02/07 20:12:17 [notice] 37#37: exiting
2024/02/07 20:12:17 [notice] 41#41: exiting
2024/02/07 20:12:17 [notice] 41#41: exiting
2024/02/07 20:12:17 [notice] 33#33: exit
2024/02/07 20:12:17 [notice] 40#40: exiting
2024/02/07 20:12:17 [notice] 42#42: exiting
2024/02/07 20:12:17 [notice] 34#34: exiting
2024/02/07 20:12:17 [notice] 35#35: exiting
2024/02/07 20:12:17 [notice] 32#32: exit
2024/02/07 20:12:17 [notice] 38#38: exiting
2024/02/07 20:12:17 [notice] 36#36: exit
2024/02/07 20:12:17 [notice] 36#36: exiting
2024/02/07 20:12:17 [notice] 38#38: exit
2024/02/07 20:12:17 [notice] 33#33: exiting
2024/02/07 20:12:17 [notice] 37#37: exit
2024/02/07 20:12:17 [notice] 32#32: exit
2024/02/07 20:12:17 [notice] 39#39: exit
2024/02/07 20:12:17 [notice] 34#34: exit
2024/02/07 20:12:17 [notice] 31#31: exit
2024/02/07 20:12:17 [notice] 39#39: exit
2024/02/07 20:12:17 [notice] 40#40: exit
2024/02/07 20:12:17 [notice] 41#41: exit
2024/02/07 20:12:17 [notice] 37#37: exit
2024/02/07 20:12:17 [notice] 34#34: exit
2024/02/07 20:12:17 [notice] 41#41: exit
2024/02/07 20:12:17 [notice] 40#40: exit
2024/02/07 20:12:17 [notice] 42#42: exit
2024/02/07 20:12:17 [notice] 35#35: exit
2024/02/07 20:12:17 [notice] 38#38: exit
2024/02/07 20:12:17 [notice] 36#36: exit
2024/02/07 20:12:17 [notice] 33#33: exit
2024/02/07 20:12:17 [notice] 1#1: signal 17 (SIGCHLD) received from 33
2024/02/07 20:12:17 [notice] 1#1: worker process 33 exited with code 0
2024/02/07 20:12:17 [notice] 1#1: worker process 30 exited with code 0
2024/02/07 20:12:17 [notice] 1#1: signal 29 (SIGIO) received
2024/02/07 20:12:17 [notice] 1#1: signal 17 (SIGCHLD) received from 30
2024/02/07 20:12:17 [notice] 1#1: signal 17 (SIGCHLD) received from 32
2024/02/07 20:12:17 [notice] 1#1: worker process 32 exited with code 0
2024/02/07 20:12:17 [notice] 1#1: signal 29 (SIGIO) received
2024/02/07 20:12:17 [notice] 1#1: signal 17 (SIGCHLD) received from 35
2024/02/07 20:12:17 [notice] 1#1: worker process 32 exited with code 0
2024/02/07 20:12:17 [notice] 1#1: worker process 35 exited with code 0
2024/02/07 20:12:17 [notice] 1#1: signal 29 (SIGIO) received
2024/02/07 20:12:17 [notice] 1#1: signal 17 (SIGCHLD) received from 39
2024/02/07 20:12:17 [notice] 1#1: worker process 39 exited with code 0
2024/02/07 20:12:17 [notice] 1#1: signal 17 (SIGCHLD) received from 37
2024/02/07 20:12:17 [notice] 1#1: signal 29 (SIGIO) received
2024/02/07 20:12:17 [notice] 1#1: worker process 37 exited with code 0
2024/02/07 20:12:17 [notice] 1#1: signal 17 (SIGCHLD) received from 34
2024/02/07 20:12:17 [notice] 1#1: worker process 36 exited with code 0
2024/02/07 20:12:17 [notice] 1#1: worker process 34 exited with code 0
2024/02/07 20:12:17 [notice] 1#1: signal 29 (SIGIO) received
2024/02/07 20:12:17 [notice] 1#1: signal 17 (SIGCHLD) received from 37
2024/02/07 20:12:17 [notice] 1#1: worker process 37 exited with code 0
2024/02/07 20:12:17 [notice] 1#1: signal 29 (SIGIO) received
2024/02/07 20:12:17 [notice] 1#1: signal 29 (SIGIO) received
2024/02/07 20:12:17 [notice] 1#1: signal 17 (SIGCHLD) received from 36
2024/02/07 20:12:17 [notice] 1#1: worker process 31 exited with code 0
2024/02/07 20:12:17 [notice] 1#1: worker process 34 exited with code 0
2024/02/07 20:12:17 [notice] 1#1: worker process 38 exited with code 0
2024/02/07 20:12:17 [notice] 1#1: worker process 39 exited with code 0
2024/02/07 20:12:17 [notice] 1#1: worker process 40 exited with code 0
2024/02/07 20:12:17 [notice] 1#1: signal 29 (SIGIO) received
2024/02/07 20:12:17 [notice] 1#1: signal 17 (SIGCHLD) received from 31
2024/02/07 20:12:17 [notice] 1#1: worker process 41 exited with code 0
2024/02/07 20:12:17 [notice] 1#1: signal 17 (SIGCHLD) received from 40
2024/02/07 20:12:17 [notice] 1#1: exit
2024/02/07 20:12:17 [notice] 1#1: worker process 36 exited with code 0
2024/02/07 20:12:17 [notice] 1#1: worker process 40 exited with code 0
2024/02/07 20:12:17 [notice] 1#1: worker process 41 exited with code 0
2024/02/07 20:12:17 [notice] 1#1: signal 29 (SIGIO) received
2024/02/07 20:12:17 [notice] 1#1: signal 17 (SIGCHLD) received from 36
2024/02/07 20:12:17 [notice] 1#1: worker process 42 exited with code 0
2024/02/07 20:12:17 [notice] 1#1: worker process 38 exited with code 0
2024/02/07 20:12:17 [notice] 1#1: signal 29 (SIGIO) received
2024/02/07 20:12:17 [notice] 1#1: signal 17 (SIGCHLD) received from 42
2024/02/07 20:12:17 [notice] 1#1: worker process 33 exited with code 0
2024/02/07 20:12:17 [notice] 1#1: worker process 35 exited with code 0
2024/02/07 20:12:17 [notice] 1#1: signal 29 (SIGIO) received
2024/02/07 20:12:17 [notice] 1#1: signal 17 (SIGCHLD) received from 33
2024/02/12 17:06:17 [warn] 1#1: conflicting server name "localhost" on 0.0.0.0:80, ignored
2024/02/12 17:06:17 [notice] 1#1: using the "epoll" event method
2024/02/12 17:06:17 [notice] 1#1: nginx/1.25.3
2024/02/12 17:06:17 [notice] 1#1: built by gcc 12.2.1 20220924 (Alpine 12.2.1_git20220924-r10) 
2024/02/12 17:06:17 [notice] 1#1: OS: Linux 6.5.11-linuxkit
2024/02/12 17:06:17 [notice] 1#1: getrlimit(RLIMIT_NOFILE): 1048576:1048576
2024/02/12 17:06:17 [notice] 1#1: start worker processes
2024/02/12 17:06:17 [notice] 1#1: start worker process 21
2024/02/12 17:06:17 [notice] 1#1: start worker process 22
2024/02/12 17:06:17 [notice] 1#1: start worker process 23
2024/02/12 17:06:17 [notice] 1#1: start worker process 24
2024/02/12 17:06:17 [notice] 1#1: start worker process 25
2024/02/12 17:06:17 [notice] 1#1: start worker process 26
2024/02/12 17:06:17 [notice] 1#1: start worker process 27
2024/02/12 17:06:17 [notice] 1#1: start worker process 28
2024/02/12 17:06:17 [notice] 1#1: start worker process 29
2024/02/12 17:06:17 [notice] 1#1: start worker process 30
2024/02/12 17:06:17 [notice] 1#1: start worker process 31
2024/02/12 17:06:17 [notice] 1#1: start worker process 32
2024/02/12 17:06:17 [warn] 1#1: conflicting server name "localhost" on 0.0.0.0:80, ignored
2024/02/12 17:06:17 [notice] 1#1: using the "epoll" event method
2024/02/12 17:06:17 [notice] 1#1: nginx/1.25.3
2024/02/12 17:06:17 [notice] 1#1: built by gcc 12.2.1 20220924 (Alpine 12.2.1_git20220924-r10) 
2024/02/12 17:06:17 [notice] 1#1: OS: Linux 6.5.11-linuxkit
2024/02/12 17:06:17 [notice] 1#1: getrlimit(RLIMIT_NOFILE): 1048576:1048576
2024/02/12 17:06:17 [notice] 1#1: start worker processes
2024/02/12 17:06:17 [notice] 1#1: start worker process 22
2024/02/12 17:06:17 [notice] 1#1: start worker process 23
2024/02/12 17:06:17 [notice] 1#1: start worker process 24
2024/02/12 17:06:17 [notice] 1#1: start worker process 25
2024/02/12 17:06:17 [notice] 1#1: start worker process 26
2024/02/12 17:06:17 [notice] 1#1: start worker process 27
2024/02/12 17:06:17 [notice] 1#1: start worker process 28
2024/02/12 17:06:17 [notice] 1#1: start worker process 29
2024/02/12 17:06:17 [notice] 1#1: start worker process 30
2024/02/12 17:06:17 [notice] 1#1: start worker process 31
2024/02/12 17:06:17 [notice] 1#1: start worker process 32
2024/02/12 17:06:17 [notice] 1#1: start worker process 33
2024/02/12 19:03:07 [warn] 1#1: conflicting server name "localhost" on 0.0.0.0:80, ignored
2024/02/12 19:03:07 [notice] 1#1: using the "epoll" event method
2024/02/12 19:03:07 [notice] 1#1: nginx/1.25.3
2024/02/12 19:03:07 [notice] 1#1: built by gcc 12.2.1 20220924 (Alpine 12.2.1_git20220924-r10) 
2024/02/12 19:03:07 [notice] 1#1: OS: Linux 6.5.11-linuxkit
2024/02/12 19:03:07 [notice] 1#1: getrlimit(RLIMIT_NOFILE): 1048576:1048576
2024/02/12 19:03:07 [notice] 1#1: start worker processes
2024/02/12 19:03:07 [notice] 1#1: start worker process 30
2024/02/12 19:03:07 [notice] 1#1: start worker process 31
2024/02/12 19:03:07 [notice] 1#1: start worker process 32
2024/02/12 19:03:07 [notice] 1#1: start worker process 33
2024/02/12 19:03:07 [notice] 1#1: start worker process 34
2024/02/12 19:03:07 [notice] 1#1: start worker process 35
2024/02/12 19:03:07 [notice] 1#1: start worker process 36
2024/02/12 19:03:07 [notice] 1#1: start worker process 37
2024/02/12 19:03:07 [notice] 1#1: start worker process 38
2024/02/12 19:03:07 [notice] 1#1: start worker process 39
2024/02/12 19:03:07 [notice] 1#1: start worker process 40
2024/02/12 19:03:07 [notice] 1#1: start worker process 41
2024/02/12 19:03:07 [warn] 1#1: conflicting server name "localhost" on 0.0.0.0:80, ignored
2024/02/12 19:03:07 [notice] 1#1: using the "epoll" event method
2024/02/12 19:03:07 [notice] 1#1: nginx/1.25.3
2024/02/12 19:03:07 [notice] 1#1: built by gcc 12.2.1 20220924 (Alpine 12.2.1_git20220924-r10) 
2024/02/12 19:03:07 [notice] 1#1: OS: Linux 6.5.11-linuxkit
2024/02/12 19:03:07 [notice] 1#1: getrlimit(RLIMIT_NOFILE): 1048576:1048576
2024/02/12 19:03:07 [notice] 1#1: start worker processes
2024/02/12 19:03:07 [notice] 1#1: start worker process 30
2024/02/12 19:03:07 [notice] 1#1: start worker process 31
2024/02/12 19:03:07 [notice] 1#1: start worker process 32
2024/02/12 19:03:07 [notice] 1#1: start worker process 33
2024/02/12 19:03:07 [notice] 1#1: start worker process 34
2024/02/12 19:03:07 [notice] 1#1: start worker process 35
2024/02/12 19:03:07 [notice] 1#1: start worker process 36
2024/02/12 19:03:07 [notice] 1#1: start worker process 37
2024/02/12 19:03:07 [notice] 1#1: start worker process 38
2024/02/12 19:03:07 [notice] 1#1: start worker process 39
2024/02/12 19:03:07 [notice] 1#1: start worker process 40
2024/02/12 19:03:07 [notice] 1#1: start worker process 41
2024/02/12 19:43:13 [notice] 1#1: signal 3 (SIGQUIT) received, shutting down
2024/02/12 19:43:13 [notice] 30#30: gracefully shutting down
2024/02/12 19:43:13 [notice] 31#31: gracefully shutting down
2024/02/12 19:43:13 [notice] 31#31: exiting
2024/02/12 19:43:13 [notice] 32#32: gracefully shutting down
2024/02/12 19:43:13 [notice] 33#33: gracefully shutting down
2024/02/12 19:43:13 [notice] 34#34: gracefully shutting down
2024/02/12 19:43:13 [notice] 35#35: gracefully shutting down
2024/02/12 19:43:13 [notice] 36#36: gracefully shutting down
2024/02/12 19:43:13 [notice] 38#38: gracefully shutting down
2024/02/12 19:43:13 [notice] 37#37: gracefully shutting down
2024/02/12 19:43:13 [notice] 1#1: signal 3 (SIGQUIT) received, shutting down
2024/02/12 19:43:13 [notice] 37#37: exiting
2024/02/12 19:43:13 [notice] 39#39: gracefully shutting down
2024/02/12 19:43:13 [notice] 30#30: gracefully shutting down
2024/02/12 19:43:13 [notice] 40#40: gracefully shutting down
2024/02/12 19:43:13 [notice] 32#32: gracefully shutting down
2024/02/12 19:43:13 [notice] 41#41: gracefully shutting down
2024/02/12 19:43:13 [notice] 31#31: gracefully shutting down
2024/02/12 19:43:13 [notice] 30#30: exiting
2024/02/12 19:43:13 [notice] 33#33: gracefully shutting down
2024/02/12 19:43:13 [notice] 31#31: exit
2024/02/12 19:43:13 [notice] 35#35: gracefully shutting down
2024/02/12 19:43:13 [notice] 34#34: gracefully shutting down
2024/02/12 19:43:13 [notice] 32#32: exiting
2024/02/12 19:43:13 [notice] 41#41: gracefully shutting down
2024/02/12 19:43:13 [notice] 33#33: exiting
2024/02/12 19:43:13 [notice] 36#36: gracefully shutting down
2024/02/12 19:43:13 [notice] 34#34: exiting
2024/02/12 19:43:13 [notice] 36#36: exiting
2024/02/12 19:43:13 [notice] 35#35: exiting
2024/02/12 19:43:13 [notice] 37#37: gracefully shutting down
2024/02/12 19:43:13 [notice] 36#36: exiting
2024/02/12 19:43:13 [notice] 39#39: gracefully shutting down
2024/02/12 19:43:13 [notice] 38#38: exiting
2024/02/12 19:43:13 [notice] 38#38: gracefully shutting down
2024/02/12 19:43:13 [notice] 37#37: exit
2024/02/12 19:43:13 [notice] 40#40: gracefully shutting down
2024/02/12 19:43:13 [notice] 39#39: exiting
2024/02/12 19:43:13 [notice] 30#30: exiting
2024/02/12 19:43:13 [notice] 40#40: exiting
2024/02/12 19:43:13 [notice] 32#32: exiting
2024/02/12 19:43:13 [notice] 41#41: exiting
2024/02/12 19:43:13 [notice] 31#31: exiting
2024/02/12 19:43:13 [notice] 30#30: exit
2024/02/12 19:43:13 [notice] 33#33: exiting
2024/02/12 19:43:13 [notice] 35#35: exiting
2024/02/12 19:43:13 [notice] 32#32: exit
2024/02/12 19:43:13 [notice] 34#34: exiting
2024/02/12 19:43:13 [notice] 33#33: exit
2024/02/12 19:43:13 [notice] 41#41: exiting
2024/02/12 19:43:13 [notice] 34#34: exit
2024/02/12 19:43:13 [notice] 35#35: exit
2024/02/12 19:43:13 [notice] 36#36: exit
2024/02/12 19:43:13 [notice] 36#36: exit
2024/02/12 19:43:13 [notice] 37#37: exiting
2024/02/12 19:43:13 [notice] 38#38: exit
2024/02/12 19:43:13 [notice] 39#39: exiting
2024/02/12 19:43:13 [notice] 39#39: exit
2024/02/12 19:43:13 [notice] 38#38: exiting
2024/02/12 19:43:13 [notice] 40#40: exit
2024/02/12 19:43:13 [notice] 40#40: exiting
2024/02/12 19:43:13 [notice] 41#41: exit
2024/02/12 19:43:13 [notice] 30#30: exit
2024/02/12 19:43:13 [notice] 32#32: exit
2024/02/12 19:43:13 [notice] 31#31: exit
2024/02/12 19:43:13 [notice] 33#33: exit
2024/02/12 19:43:13 [notice] 35#35: exit
2024/02/12 19:43:13 [notice] 34#34: exit
2024/02/12 19:43:13 [notice] 41#41: exit
2024/02/12 19:43:13 [notice] 1#1: signal 17 (SIGCHLD) received from 31
2024/02/12 19:43:13 [notice] 37#37: exit
2024/02/12 19:43:13 [notice] 1#1: worker process 31 exited with code 0
2024/02/12 19:43:13 [notice] 39#39: exit
2024/02/12 19:43:13 [notice] 1#1: signal 29 (SIGIO) received
2024/02/12 19:43:13 [notice] 38#38: exit
2024/02/12 19:43:13 [notice] 40#40: exit
2024/02/12 19:43:13 [notice] 1#1: signal 17 (SIGCHLD) received from 30
2024/02/12 19:43:13 [notice] 1#1: worker process 30 exited with code 0
2024/02/12 19:43:13 [notice] 1#1: worker process 37 exited with code 0
2024/02/12 19:43:13 [notice] 1#1: signal 29 (SIGIO) received
2024/02/12 19:43:13 [notice] 1#1: signal 17 (SIGCHLD) received from 32
2024/02/12 19:43:13 [notice] 1#1: worker process 32 exited with code 0
2024/02/12 19:43:13 [notice] 1#1: worker process 35 exited with code 0
2024/02/12 19:43:13 [notice] 1#1: signal 29 (SIGIO) received
2024/02/12 19:43:13 [notice] 1#1: signal 17 (SIGCHLD) received from 31
2024/02/12 19:43:13 [notice] 1#1: signal 17 (SIGCHLD) received from 33
2024/02/12 19:43:13 [notice] 1#1: worker process 33 exited with code 0
2024/02/12 19:43:13 [notice] 1#1: worker process 34 exited with code 0
2024/02/12 19:43:13 [notice] 1#1: worker process 36 exited with code 0
2024/02/12 19:43:13 [notice] 1#1: worker process 40 exited with code 0
2024/02/12 19:43:13 [notice] 1#1: signal 29 (SIGIO) received
2024/02/12 19:43:13 [notice] 1#1: signal 17 (SIGCHLD) received from 39
2024/02/12 19:43:13 [notice] 1#1: worker process 31 exited with code 0
2024/02/12 19:43:13 [notice] 1#1: worker process 36 exited with code 0
2024/02/12 19:43:13 [notice] 1#1: signal 29 (SIGIO) received
2024/02/12 19:43:13 [notice] 1#1: signal 17 (SIGCHLD) received from 41
2024/02/12 19:43:13 [notice] 1#1: worker process 35 exited with code 0
2024/02/12 19:43:13 [notice] 1#1: worker process 41 exited with code 0
2024/02/12 19:43:13 [notice] 1#1: worker process 39 exited with code 0
2024/02/12 19:43:13 [notice] 1#1: worker process 41 exited with code 0
2024/02/12 19:43:13 [notice] 1#1: worker process 38 exited with code 0
2024/02/12 19:43:13 [notice] 1#1: signal 29 (SIGIO) received
2024/02/12 19:43:13 [notice] 1#1: signal 17 (SIGCHLD) received from 35
2024/02/12 19:43:13 [notice] 1#1: worker process 30 exited with code 0
2024/02/12 19:43:13 [notice] 1#1: exit
2024/02/12 19:43:13 [notice] 1#1: worker process 32 exited with code 0
2024/02/12 19:43:13 [notice] 1#1: worker process 33 exited with code 0
2024/02/12 19:43:13 [notice] 1#1: worker process 34 exited with code 0
2024/02/12 19:43:13 [notice] 1#1: worker process 37 exited with code 0
2024/02/12 19:43:13 [notice] 1#1: worker process 39 exited with code 0
2024/02/12 19:43:13 [notice] 1#1: worker process 40 exited with code 0
2024/02/12 19:43:13 [notice] 1#1: worker process 38 exited with code 0
2024/02/12 19:43:13 [notice] 1#1: exit
